\BOOKMARK [0][-]{chapter.1}{\376\377\000M\000a\000t\000h\000e\000m\000a\000t\000i\000c\000s}{}% 1
\BOOKMARK [1][-]{section.1.1}{\376\377\000Q\0001}{chapter.1}% 2
\BOOKMARK [1][-]{section.1.2}{\376\377\000Q\0002}{chapter.1}% 3
\BOOKMARK [1][-]{section.1.3}{\376\377\000Q\0003}{chapter.1}% 4
\BOOKMARK [1][-]{section.1.4}{\376\377\000Q\0004}{chapter.1}% 5
\BOOKMARK [1][-]{section.1.5}{\376\377\000Q\0005}{chapter.1}% 6
\BOOKMARK [1][-]{section.1.6}{\376\377\000Q\0006}{chapter.1}% 7
\BOOKMARK [1][-]{section.1.7}{\376\377\000Q\0007}{chapter.1}% 8
\BOOKMARK [1][-]{section.1.8}{\376\377\000Q\0008}{chapter.1}% 9
\BOOKMARK [1][-]{section.1.9}{\376\377\000Q\0009}{chapter.1}% 10
\BOOKMARK [1][-]{section.1.10}{\376\377\000Q\0001\0000}{chapter.1}% 11
\BOOKMARK [0][-]{chapter.2}{\376\377\000C\000o\000m\000p\000u\000t\000i\000n\000g}{}% 12
\BOOKMARK [1][-]{section.2.1}{\376\377\000Q\0001}{chapter.2}% 13
\BOOKMARK [2][-]{subsection.2.1.1}{\376\377\000A\000d\000v\000a\000n\000c\000e\000d\000\040\000v\000e\000r\000s\000i\000o\000n}{section.2.1}% 14
\BOOKMARK [2][-]{subsection.2.1.2}{\376\377\000G\000e\000n\000e\000r\000a\000l\000\040\000F\000o\000r\000m\000u\000l\000a\000\040\000f\000o\000r\000\040\000A\000r\000c\000\040\000L\000e\000n\000g\000t\000h}{section.2.1}% 15
\BOOKMARK [2][-]{subsection.2.1.3}{\376\377\000S\000i\000m\000p\000l\000i\000f\000i\000c\000a\000t\000i\000o\000n\000\040\000a\000n\000d\000\040\000R\000e\000s\000u\000l\000t\000i\000n\000g\000\040\000E\000x\000p\000r\000e\000s\000s\000i\000o\000n}{section.2.1}% 16
\BOOKMARK [2][-]{subsection.2.1.4}{\376\377\000C\000o\000m\000p\000a\000r\000i\000s\000o\000n\000\040\000o\000f\000\040\000t\000h\000e\000\040\000T\000w\000o\000\040\000E\000x\000p\000r\000e\000s\000s\000i\000o\000n\000s}{section.2.1}% 17
\BOOKMARK [2][-]{subsection.2.1.5}{\376\377\000m\000a\000t\000l\000a\000b\000\040\000c\000o\000d\000e}{section.2.1}% 18
\BOOKMARK [2][-]{subsection.2.1.6}{\376\377\000N\000u\000m\000e\000r\000i\000c\000a\000l\000\040\000E\000v\000a\000l\000u\000a\000t\000i\000o\000n}{section.2.1}% 19
\BOOKMARK [2][-]{subsection.2.1.7}{\376\377\000C\000o\000n\000c\000l\000u\000s\000i\000o\000n}{section.2.1}% 20
\BOOKMARK [1][-]{section.2.2}{\376\377\000Q\0002}{chapter.2}% 21
\BOOKMARK [2][-]{subsection.2.2.1}{\376\377\000S\000o\000m\000e\000w\000h\000a\000t\000\040\000A\000d\000v\000a\000n\000c\000e\000d\000\040\000V\000e\000r\000s\000i\000o\000n}{section.2.2}% 22
\BOOKMARK [1][-]{section.2.3}{\376\377\000Q\0003}{chapter.2}% 23
\BOOKMARK [1][-]{section.2.4}{\376\377\000Q\0004}{chapter.2}% 24
\BOOKMARK [1][-]{section.2.5}{\376\377\000Q\0005}{chapter.2}% 25
\BOOKMARK [1][-]{section.2.6}{\376\377\000Q\0006}{chapter.2}% 26
\BOOKMARK [1][-]{section.2.7}{\376\377\000Q\0007}{chapter.2}% 27
\BOOKMARK [1][-]{section.2.8}{\376\377\000Q\0008}{chapter.2}% 28
\BOOKMARK [1][-]{section.2.9}{\376\377\000Q\0009}{chapter.2}% 29
\BOOKMARK [1][-]{section.2.10}{\376\377\000Q\0001\0000}{chapter.2}% 30
\BOOKMARK [1][-]{section.2.11}{\376\377\000Q\0001\0001}{chapter.2}% 31
